<?xml version="1.0" encoding="UTF-8"?>
<!-- Generated by org.testng.reporters.JUnitReportReporter -->
<testsuite hostname="SSCPLCBEL201" failures="0" tests="1" name="testing.MyInfoTest" time="0.000" errors="0" timestamp="2023-09-09T03:48:57 IST" skipped="1">
  <testcase classname="testing.MyInfoTest" name="myinforpage" time="0.000">
    <skipped/>
  </testcase> <!-- myinforpage -->
  <system-out/>
</testsuite> <!-- testing.MyInfoTest -->
