<?xml version="1.0" encoding="UTF-8"?>
<!-- Generated by org.testng.reporters.JUnitReportReporter -->
<testsuite hostname="SSCPLCBEL201" failures="0" tests="1" name="testing.LoginTest" time="23.665" errors="0" timestamp="2023-09-12T20:09:18 IST" skipped="0">
  <testcase classname="testing.LoginTest" name="admininout" time="23.665"/>
  <system-out/>
</testsuite> <!-- testing.LoginTest -->
